<?xml version="1.0" encoding="UTF-8"?>
<!-- Generated by org.testng.reporters.JUnitXMLReporter -->
<testsuite hostname="DESKTOP-9A2DCPS" ignored="0" name="Login Test" tests="1" failures="1" timestamp="27 Dec 2018 12:13:57 GMT" time="0.119" errors="0">
  <testcase name="doRegisterTest" time="0.043" classname="testcases.RegTest">
    <failure type="java.lang.AssertionError" message="The following asserts failed:
	expected [New] but found [Old]">
      <![CDATA[java.lang.AssertionError: The following asserts failed:
expected [New] but found [Old]
at testcases.RegTest.doRegisterTest(RegTest.java:16)
at java.util.concurrent.FutureTask.run(Unknown Source)
at java.util.concurrent.ThreadPoolExecutor.runWorker(Unknown Source)
at java.util.concurrent.ThreadPoolExecutor$Worker.run(Unknown Source)
at java.lang.Thread.run(Unknown Source)
... Removed 17 stack frames]]>
    </failure>
  </testcase> <!-- doRegisterTest -->
</testsuite> <!-- Login Test -->
